\BOOKMARK [1][-]{section.1}{\376\377\000I\000n\000t\000r\000o\000d\000u\000c\000t\000i\000o\000n\000\040\000\046\000\040\000H\000i\000s\000t\000o\000r\000y}{}% 1
\BOOKMARK [1][-]{section.2}{\376\377\000M\000a\000i\000n\000\040\000D\000a\000t\000a\000\040\000S\000t\000r\000u\000c\000t\000u\000r\000e\000s\000\040\000\046\000\040\000A\000l\000g\000o\000r\000i\000t\000h\000m\000s}{}% 2
\BOOKMARK [1][-]{section.3}{\376\377\000S\000i\000n\000g\000l\000e\000\040\000S\000o\000u\000r\000c\000e\000\040\000S\000h\000o\000r\000t\000e\000s\000t\000\040\000P\000a\000t\000h\000\040\000\050\000S\000S\000S\000P\000\051}{}% 3
\BOOKMARK [2][-]{subsection.3.1}{\376\377\000S\000h\000o\000r\000t\000e\000s\000t\000\040\000P\000a\000t\000h\000\040\000i\000n\000\040\000D\000A\000G\000s}{section.3}% 4
\BOOKMARK [3][-]{subsubsection.3.1.1}{\376\377\000T\000o\000p\000o\000l\000o\000g\000i\000c\000a\000l\000\040\000O\000r\000d\000e\000r}{subsection.3.1}% 5
\BOOKMARK [3][-]{subsubsection.3.1.2}{\376\377\000D\000A\000G\000\040\000S\000h\000o\000r\000t\000e\000s\000t\000\040\000P\000a\000t\000h\000\040\000P\000r\000o\000c\000e\000s\000s\000i\000n\000g}{subsection.3.1}% 6
\BOOKMARK [2][-]{subsection.3.2}{\376\377\000D\000i\000j\000k\000s\000t\000r\000a\000'\000s\000\040\000A\000l\000g\000o\000r\000i\000t\000h\000m}{section.3}% 7
\BOOKMARK [3][-]{subsubsection.3.2.1}{\376\377\000D\000i\000j\000k\000s\000t\000r\000a\000\040\000O\000p\000t\000i\000m\000i\000z\000i\000n\000g}{subsection.3.2}% 8
\BOOKMARK [2][-]{subsection.3.3}{\376\377\000S\000h\000o\000r\000t\000e\000s\000t\000\040\000P\000a\000t\000h\000\040\000i\000n\000\040\000B\000e\000l\000l\000m\000a\000n\000-\000F\000o\000r\000d}{section.3}% 9
\BOOKMARK [3][-]{subsubsection.3.3.1}{\376\377\000H\000o\000w\000\040\000B\000e\000l\000l\000m\000a\000n\000-\000F\000o\000r\000d\000\040\000w\000o\000r\000k\000s\000:\000\040\000G\000l\000o\000b\000a\000l\000\040\000R\000e\000l\000a\000x\000a\000t\000i\000o\000n}{subsection.3.3}% 10
\BOOKMARK [3][-]{subsubsection.3.3.2}{\376\377\000B\000e\000l\000l\000m\000a\000n\000-\000F\000o\000r\000d\000\040\000S\000u\000p\000e\000r\000p\000o\000w\000e\000r\000:\000\040\000N\000e\000g\000a\000t\000i\000v\000e\000\040\000C\000y\000c\000l\000e\000\040\000D\000e\000t\000e\000c\000t\000i\000o\000n}{subsection.3.3}% 11
\BOOKMARK [2][-]{subsection.3.4}{\376\377\000S\000S\000S\000P\000\040\000A\000l\000g\000o\000r\000i\000t\000h\000m\000:\000\040\000H\000o\000w\000\040\000t\000o\000\040\000t\000r\000a\000c\000k\000\040\000t\000h\000e\000\040\000p\000a\000t\000h\000?}{section.3}% 12
\BOOKMARK [1][-]{section.4}{\376\377\000A\000l\000l\000\040\000P\000a\000i\000r\000s\000\040\000S\000h\000o\000r\000t\000e\000s\000t\000\040\000P\000a\000t\000h\000\040\000\050\000A\000P\000S\000P\000\051}{}% 13
\BOOKMARK [2][-]{subsection.4.1}{\376\377\000F\000l\000o\000y\000d\000-\000W\000a\000r\000s\000h\000a\000l\000l\000\040\000A\000l\000g\000o\000r\000i\000t\000h\000m}{section.4}% 14
\BOOKMARK [3][-]{subsubsection.4.1.1}{\376\377\000T\000h\000e\000\040\000I\000n\000t\000e\000r\000m\000e\000d\000i\000a\000t\000e\000\040\000N\000o\000d\000e}{subsection.4.1}% 15
\BOOKMARK [3][-]{subsubsection.4.1.2}{\376\377\000H\000o\000w\000\040\000t\000o\000\040\000t\000r\000a\000c\000k\000\040\000t\000h\000e\000\040\000p\000a\000t\000h\000?}{subsection.4.1}% 16
\BOOKMARK [1][-]{section.5}{\376\377\000S\000t\000e\000p\000-\000b\000y\000-\000s\000t\000e\000p\000\040\000D\000e\000m\000o}{}% 17
\BOOKMARK [1][-]{section.6}{\376\377\000I\000m\000p\000l\000e\000m\000e\000n\000t\000a\000t\000i\000o\000n\000\040\000N\000o\000t\000e\000s\000\040\000\046\000\040\000C\000o\000m\000p\000l\000e\000x\000i\000t\000y}{}% 18
\BOOKMARK [2][-]{subsection.6.1}{\376\377\000I\000m\000p\000l\000e\000m\000e\000n\000t\000a\000t\000i\000o\000n\000\040\000N\000o\000t\000e\000s}{section.6}% 19
\BOOKMARK [2][-]{subsection.6.2}{\376\377\000C\000o\000m\000p\000l\000e\000x\000i\000t\000y\000\040\000N\000o\000t\000e\000s\000\040\000i\000n\000\040\000P\000r\000a\000c\000t\000i\000c\000e}{section.6}% 20
\BOOKMARK [2][-]{subsection.6.3}{\376\377\000E\000n\000g\000i\000n\000e\000e\000r\000i\000n\000g\000\040\000T\000r\000a\000d\000e\000-\000o\000f\000f\000s}{section.6}% 21
\BOOKMARK [1][-]{section.7}{\376\377\000A\000p\000p\000l\000i\000c\000a\000t\000i\000o\000n\000s}{}% 22
\BOOKMARK [1][-]{section.8}{\376\377\000Q\000u\000i\000z}{}% 23
\BOOKMARK [1][-]{section.9}{\376\377\000P\000r\000o\000g\000r\000a\000m\000m\000i\000n\000g\000\040\000A\000s\000s\000i\000g\000n\000m\000e\000n\000t\000s}{}% 24
\BOOKMARK [1][-]{section.10}{\376\377\000S\000o\000u\000r\000c\000e\000\040\000C\000o\000d\000e\000s\000\040\000\046\000\040\000I\000n\000s\000t\000r\000u\000c\000t\000i\000o\000n\000s}{}% 25
\BOOKMARK [2][-]{subsection.10.1}{\376\377\000D\000e\000p\000e\000n\000d\000e\000n\000c\000i\000e\000s}{section.10}% 26
\BOOKMARK [2][-]{subsection.10.2}{\376\377\000W\000h\000a\000t\000\040\000I\000s\000\040\000I\000n\000c\000l\000u\000d\000e\000d}{section.10}% 27
\BOOKMARK [2][-]{subsection.10.3}{\376\377\000I\000n\000p\000u\000t\000\040\000G\000r\000a\000p\000h\000\040\000F\000o\000r\000m\000a\000t}{section.10}% 28
\BOOKMARK [2][-]{subsection.10.4}{\376\377\000C\000o\000m\000p\000i\000l\000e\000\040\000I\000n\000s\000t\000r\000u\000c\000t\000i\000o\000n\000s\000\040\000\050\000M\000a\000x\000i\000m\000u\000m\000\040\000O\000p\000t\000i\000m\000i\000z\000a\000t\000i\000o\000n\000\051}{section.10}% 29
\BOOKMARK [3][-]{subsubsection.10.4.1}{\376\377\000m\000a\000c\000O\000S\000\040\000\050\000c\000l\000a\000n\000g\000+\000+\000\051}{subsection.10.4}% 30
\BOOKMARK [3][-]{subsubsection.10.4.2}{\376\377\000W\000i\000n\000d\000o\000w\000s\000\040\000\050\000M\000S\000Y\000S\0002\000/\000M\000i\000n\000G\000W\000-\000w\0006\0004\000\040\000g\000+\000+\000\051}{subsection.10.4}% 31
\BOOKMARK [3][-]{subsubsection.10.4.3}{\376\377\000W\000i\000n\000d\000o\000w\000s\000\040\000\050\000M\000S\000V\000C\000\040\000c\000l\000\051}{subsection.10.4}% 32
\BOOKMARK [2][-]{subsection.10.5}{\376\377\000R\000u\000n\000\040\000W\000o\000r\000k\000f\000l\000o\000w\000\040\000\050\000A\000f\000t\000e\000r\000\040\000C\000o\000m\000p\000i\000l\000a\000t\000i\000o\000n\000\051}{section.10}% 33
\BOOKMARK [2][-]{subsection.10.6}{\376\377\000G\000e\000n\000e\000r\000a\000t\000e\000\040\000t\000h\000e\000\040\000B\000e\000n\000c\000h\000m\000a\000r\000k\000\040\000D\000a\000t\000a\000s\000e\000t\000s}{section.10}% 34
\BOOKMARK [2][-]{subsection.10.7}{\376\377\000G\000e\000n\000e\000r\000a\000t\000e\000\040\000t\000h\000e\000\040\000D\000A\000G\000\040\000B\000e\000n\000c\000h\000m\000a\000r\000k\000\040\000D\000a\000t\000a\000s\000e\000t}{section.10}% 35
\BOOKMARK [1][-]{section.11}{\376\377\000D\000a\000t\000a\000s\000e\000t\000s}{}% 36
\BOOKMARK [2][-]{subsection.11.1}{\376\377\000D\000a\000t\000a\000s\000e\000t\000\040\000S\000u\000i\000t\000e}{section.11}% 37
\BOOKMARK [2][-]{subsection.11.2}{\376\377\000D\000a\000t\000a\000s\000e\000t\000\040\000F\000i\000l\000e\000s}{section.11}% 38
\BOOKMARK [2][-]{subsection.11.3}{\376\377\000H\000e\000a\000d\000e\000r\000\040\000F\000o\000r\000m\000a\000t}{section.11}% 39
\BOOKMARK [2][-]{subsection.11.4}{\376\377\000B\000e\000n\000c\000h\000m\000a\000r\000k\000\040\000I\000n\000t\000e\000r\000p\000r\000e\000t\000a\000t\000i\000o\000n}{section.11}% 40
\BOOKMARK [1][-]{section.12}{\376\377\000C\000o\000m\000p\000a\000r\000i\000s\000o\000n}{}% 41
\BOOKMARK [1][-]{section*.2}{\376\377\000R\000e\000f\000e\000r\000e\000n\000c\000e\000s}{}% 42
